<?xml version="1.0" encoding="UTF-8"?>
<testsuite xmlns:xsi="http://www.w3.org/2001/XMLSchema-instance" xsi:noNamespaceSchemaLocation="https://maven.apache.org/surefire/maven-surefire-plugin/xsd/surefire-test-report.xsd" name="Parallel01IT" time="12.054" tests="11" errors="4" skipped="1" failures="0">
  <properties>
[...]
</properties>
  <testcase name="Given Open browser with git url" classname="Scenario: Serach top 5 repository" time="0.001"/>
  <testcase name="When signIn in git" classname="Scenario: Serach top 5 repository" time="0"/>
  <testcase name="Then git page should be displayed" classname="Scenario: Serach top 5 repository" time="0"/>
  <testcase name="Then Search top repo of &quot;java&quot; langauge" classname="Scenario: Serach top 5 repository" time="0.005">
    <error message="no such element: Unable to locate element: {&quot;method&quot;:&quot;name&quot;,&quot;selector&quot;:&quot;q&quot;}&#10;  (Session info: chrome=76.0.3809.87)&#10;  (Driver info: chromedriver=2.41.578706 (5f725d1b4f0a4acbf5259df887244095596231db),platform=Mac OS X 10.13.4 x86_64) (WARNING: The server did not provide any stacktrace information)&#10;Command duration or timeout: 13 milliseconds&#10;For documentation on this error, please visit: http://seleniumhq.org/exceptions/no_such_element.html&#10;Build info: version: &apos;2.43.1&apos;, revision: &apos;5163bceef1bc36d43f3dc0b83c88998168a363a0&apos;, time: &apos;2014-09-10 09:43:55&apos;&#10;System info: host: &apos;Ranajit&apos;, ip: &apos;192.168.43.241&apos;, os.name: &apos;Mac OS X&apos;, os.arch: &apos;x86_64&apos;, os.version: &apos;10.13.4&apos;, java.version: &apos;1.8.0_101&apos;&#10;Driver info: org.openqa.selenium.chrome.ChromeDriver&#10;Capabilities [{mobileEmulationEnabled=false, hasTouchScreen=false, platform=MAC, acceptSslCerts=false, goog:chromeOptions={debuggerAddress=localhost:55643}, acceptInsecureCerts=false, webStorageEnabled=true, browserName=chrome, takesScreenshot=true, javascriptEnabled=true, setWindowRect=true, unexpectedAlertBehaviour=, applicationCacheEnabled=false, rotatable=false, networkConnectionEnabled=false, chrome={chromedriverVersion=2.41.578706 (5f725d1b4f0a4acbf5259df887244095596231db), userDataDir=/var/folders/2n/f356hh595rg06z9nwzgfqhj00000gn/T/.org.chromium.Chromium.FynLpV}, takesHeapSnapshot=true, pageLoadStrategy=normal, databaseEnabled=false, handlesAlerts=true, version=76.0.3809.87, browserConnectionEnabled=false, nativeEvents=true, locationContextEnabled=true, cssSelectorsEnabled=true}]&#10;Session ID: f32a0a876a84b07491025ee4e4b7dbba" type="org.openqa.selenium.NoSuchElementException">org.openqa.selenium.NoSuchElementException: 
no such element: Unable to locate element: {"method":"name","selector":"q"}
  (Session info: chrome=76.0.3809.87)
  (Driver info: chromedriver=2.41.578706 (5f725d1b4f0a4acbf5259df887244095596231db),platform=Mac OS X 10.13.4 x86_64) (WARNING: The server did not provide any stacktrace information)
Command duration or timeout: 13 milliseconds
For documentation on this error, please visit: http://seleniumhq.org/exceptions/no_such_element.html
Build info: version: '2.43.1', revision: '5163bceef1bc36d43f3dc0b83c88998168a363a0', time: '2014-09-10 09:43:55'
System info: host: 'Ranajit', ip: '192.168.43.241', os.name: 'Mac OS X', os.arch: 'x86_64', os.version: '10.13.4', java.version: '1.8.0_101'
Driver info: org.openqa.selenium.chrome.ChromeDriver
Capabilities [{mobileEmulationEnabled=false, hasTouchScreen=false, platform=MAC, acceptSslCerts=false, goog:chromeOptions={debuggerAddress=localhost:55643}, acceptInsecureCerts=false, webStorageEnabled=true, browserName=chrome, takesScreenshot=true, javascriptEnabled=true, setWindowRect=true, unexpectedAlertBehaviour=, applicationCacheEnabled=false, rotatable=false, networkConnectionEnabled=false, chrome={chromedriverVersion=2.41.578706 (5f725d1b4f0a4acbf5259df887244095596231db), userDataDir=/var/folders/2n/f356hh595rg06z9nwzgfqhj00000gn/T/.org.chromium.Chromium.FynLpV}, takesHeapSnapshot=true, pageLoadStrategy=normal, databaseEnabled=false, handlesAlerts=true, version=76.0.3809.87, browserConnectionEnabled=false, nativeEvents=true, locationContextEnabled=true, cssSelectorsEnabled=true}]
Session ID: f32a0a876a84b07491025ee4e4b7dbba
</error>
  </testcase>
  <testcase name="Scenario: Serach top 5 repository" classname="Scenario: Serach top 5 repository" time="0.006">
    <error message="no such element: Unable to locate element: {&quot;method&quot;:&quot;name&quot;,&quot;selector&quot;:&quot;q&quot;}&#10;  (Session info: chrome=76.0.3809.87)&#10;  (Driver info: chromedriver=2.41.578706 (5f725d1b4f0a4acbf5259df887244095596231db),platform=Mac OS X 10.13.4 x86_64) (WARNING: The server did not provide any stacktrace information)&#10;Command duration or timeout: 13 milliseconds&#10;For documentation on this error, please visit: http://seleniumhq.org/exceptions/no_such_element.html&#10;Build info: version: &apos;2.43.1&apos;, revision: &apos;5163bceef1bc36d43f3dc0b83c88998168a363a0&apos;, time: &apos;2014-09-10 09:43:55&apos;&#10;System info: host: &apos;Ranajit&apos;, ip: &apos;192.168.43.241&apos;, os.name: &apos;Mac OS X&apos;, os.arch: &apos;x86_64&apos;, os.version: &apos;10.13.4&apos;, java.version: &apos;1.8.0_101&apos;&#10;Driver info: org.openqa.selenium.chrome.ChromeDriver&#10;Capabilities [{mobileEmulationEnabled=false, hasTouchScreen=false, platform=MAC, acceptSslCerts=false, goog:chromeOptions={debuggerAddress=localhost:55643}, acceptInsecureCerts=false, webStorageEnabled=true, browserName=chrome, takesScreenshot=true, javascriptEnabled=true, setWindowRect=true, unexpectedAlertBehaviour=, applicationCacheEnabled=false, rotatable=false, networkConnectionEnabled=false, chrome={chromedriverVersion=2.41.578706 (5f725d1b4f0a4acbf5259df887244095596231db), userDataDir=/var/folders/2n/f356hh595rg06z9nwzgfqhj00000gn/T/.org.chromium.Chromium.FynLpV}, takesHeapSnapshot=true, pageLoadStrategy=normal, databaseEnabled=false, handlesAlerts=true, version=76.0.3809.87, browserConnectionEnabled=false, nativeEvents=true, locationContextEnabled=true, cssSelectorsEnabled=true}]&#10;Session ID: f32a0a876a84b07491025ee4e4b7dbba" type="org.openqa.selenium.NoSuchElementException">org.openqa.selenium.NoSuchElementException: 
no such element: Unable to locate element: {"method":"name","selector":"q"}
  (Session info: chrome=76.0.3809.87)
  (Driver info: chromedriver=2.41.578706 (5f725d1b4f0a4acbf5259df887244095596231db),platform=Mac OS X 10.13.4 x86_64) (WARNING: The server did not provide any stacktrace information)
Command duration or timeout: 13 milliseconds
For documentation on this error, please visit: http://seleniumhq.org/exceptions/no_such_element.html
Build info: version: '2.43.1', revision: '5163bceef1bc36d43f3dc0b83c88998168a363a0', time: '2014-09-10 09:43:55'
System info: host: 'Ranajit', ip: '192.168.43.241', os.name: 'Mac OS X', os.arch: 'x86_64', os.version: '10.13.4', java.version: '1.8.0_101'
Driver info: org.openqa.selenium.chrome.ChromeDriver
Capabilities [{mobileEmulationEnabled=false, hasTouchScreen=false, platform=MAC, acceptSslCerts=false, goog:chromeOptions={debuggerAddress=localhost:55643}, acceptInsecureCerts=false, webStorageEnabled=true, browserName=chrome, takesScreenshot=true, javascriptEnabled=true, setWindowRect=true, unexpectedAlertBehaviour=, applicationCacheEnabled=false, rotatable=false, networkConnectionEnabled=false, chrome={chromedriverVersion=2.41.578706 (5f725d1b4f0a4acbf5259df887244095596231db), userDataDir=/var/folders/2n/f356hh595rg06z9nwzgfqhj00000gn/T/.org.chromium.Chromium.FynLpV}, takesHeapSnapshot=true, pageLoadStrategy=normal, databaseEnabled=false, handlesAlerts=true, version=76.0.3809.87, browserConnectionEnabled=false, nativeEvents=true, locationContextEnabled=true, cssSelectorsEnabled=true}]
Session ID: f32a0a876a84b07491025ee4e4b7dbba
</error>
  </testcase>
  <testcase name="Given Open browser with git url" classname="Scenario: Fork to all repo" time="0"/>
  <testcase name="When signIn in git" classname="Scenario: Fork to all repo" time="0"/>
  <testcase name="Then git page should be displayed" classname="Scenario: Fork to all repo" time="0"/>
  <testcase name="Then Search top repo of &quot;java&quot; langauge" classname="Scenario: Fork to all repo" time="0.003">
    <error message="no such element: Unable to locate element: {&quot;method&quot;:&quot;name&quot;,&quot;selector&quot;:&quot;q&quot;}&#10;  (Session info: chrome=76.0.3809.87)&#10;  (Driver info: chromedriver=2.41.578706 (5f725d1b4f0a4acbf5259df887244095596231db),platform=Mac OS X 10.13.4 x86_64) (WARNING: The server did not provide any stacktrace information)&#10;Command duration or timeout: 12 milliseconds&#10;For documentation on this error, please visit: http://seleniumhq.org/exceptions/no_such_element.html&#10;Build info: version: &apos;2.43.1&apos;, revision: &apos;5163bceef1bc36d43f3dc0b83c88998168a363a0&apos;, time: &apos;2014-09-10 09:43:55&apos;&#10;System info: host: &apos;Ranajit&apos;, ip: &apos;192.168.43.241&apos;, os.name: &apos;Mac OS X&apos;, os.arch: &apos;x86_64&apos;, os.version: &apos;10.13.4&apos;, java.version: &apos;1.8.0_101&apos;&#10;Driver info: org.openqa.selenium.chrome.ChromeDriver&#10;Capabilities [{mobileEmulationEnabled=false, hasTouchScreen=false, platform=MAC, acceptSslCerts=false, goog:chromeOptions={debuggerAddress=localhost:55673}, acceptInsecureCerts=false, webStorageEnabled=true, browserName=chrome, takesScreenshot=true, javascriptEnabled=true, setWindowRect=true, unexpectedAlertBehaviour=, applicationCacheEnabled=false, rotatable=false, networkConnectionEnabled=false, chrome={chromedriverVersion=2.41.578706 (5f725d1b4f0a4acbf5259df887244095596231db), userDataDir=/var/folders/2n/f356hh595rg06z9nwzgfqhj00000gn/T/.org.chromium.Chromium.Kugu3c}, takesHeapSnapshot=true, pageLoadStrategy=normal, databaseEnabled=false, handlesAlerts=true, version=76.0.3809.87, browserConnectionEnabled=false, nativeEvents=true, locationContextEnabled=true, cssSelectorsEnabled=true}]&#10;Session ID: ec373f428de0bf5d4889712129dfe418" type="org.openqa.selenium.NoSuchElementException">org.openqa.selenium.NoSuchElementException: 
no such element: Unable to locate element: {"method":"name","selector":"q"}
  (Session info: chrome=76.0.3809.87)
  (Driver info: chromedriver=2.41.578706 (5f725d1b4f0a4acbf5259df887244095596231db),platform=Mac OS X 10.13.4 x86_64) (WARNING: The server did not provide any stacktrace information)
Command duration or timeout: 12 milliseconds
For documentation on this error, please visit: http://seleniumhq.org/exceptions/no_such_element.html
Build info: version: '2.43.1', revision: '5163bceef1bc36d43f3dc0b83c88998168a363a0', time: '2014-09-10 09:43:55'
System info: host: 'Ranajit', ip: '192.168.43.241', os.name: 'Mac OS X', os.arch: 'x86_64', os.version: '10.13.4', java.version: '1.8.0_101'
Driver info: org.openqa.selenium.chrome.ChromeDriver
Capabilities [{mobileEmulationEnabled=false, hasTouchScreen=false, platform=MAC, acceptSslCerts=false, goog:chromeOptions={debuggerAddress=localhost:55673}, acceptInsecureCerts=false, webStorageEnabled=true, browserName=chrome, takesScreenshot=true, javascriptEnabled=true, setWindowRect=true, unexpectedAlertBehaviour=, applicationCacheEnabled=false, rotatable=false, networkConnectionEnabled=false, chrome={chromedriverVersion=2.41.578706 (5f725d1b4f0a4acbf5259df887244095596231db), userDataDir=/var/folders/2n/f356hh595rg06z9nwzgfqhj00000gn/T/.org.chromium.Chromium.Kugu3c}, takesHeapSnapshot=true, pageLoadStrategy=normal, databaseEnabled=false, handlesAlerts=true, version=76.0.3809.87, browserConnectionEnabled=false, nativeEvents=true, locationContextEnabled=true, cssSelectorsEnabled=true}]
Session ID: ec373f428de0bf5d4889712129dfe418
</error>
  </testcase>
  <testcase name="Scenario: Fork to all repo" classname="Scenario: Fork to all repo" time="0.004">
    <error message="no such element: Unable to locate element: {&quot;method&quot;:&quot;name&quot;,&quot;selector&quot;:&quot;q&quot;}&#10;  (Session info: chrome=76.0.3809.87)&#10;  (Driver info: chromedriver=2.41.578706 (5f725d1b4f0a4acbf5259df887244095596231db),platform=Mac OS X 10.13.4 x86_64) (WARNING: The server did not provide any stacktrace information)&#10;Command duration or timeout: 12 milliseconds&#10;For documentation on this error, please visit: http://seleniumhq.org/exceptions/no_such_element.html&#10;Build info: version: &apos;2.43.1&apos;, revision: &apos;5163bceef1bc36d43f3dc0b83c88998168a363a0&apos;, time: &apos;2014-09-10 09:43:55&apos;&#10;System info: host: &apos;Ranajit&apos;, ip: &apos;192.168.43.241&apos;, os.name: &apos;Mac OS X&apos;, os.arch: &apos;x86_64&apos;, os.version: &apos;10.13.4&apos;, java.version: &apos;1.8.0_101&apos;&#10;Driver info: org.openqa.selenium.chrome.ChromeDriver&#10;Capabilities [{mobileEmulationEnabled=false, hasTouchScreen=false, platform=MAC, acceptSslCerts=false, goog:chromeOptions={debuggerAddress=localhost:55673}, acceptInsecureCerts=false, webStorageEnabled=true, browserName=chrome, takesScreenshot=true, javascriptEnabled=true, setWindowRect=true, unexpectedAlertBehaviour=, applicationCacheEnabled=false, rotatable=false, networkConnectionEnabled=false, chrome={chromedriverVersion=2.41.578706 (5f725d1b4f0a4acbf5259df887244095596231db), userDataDir=/var/folders/2n/f356hh595rg06z9nwzgfqhj00000gn/T/.org.chromium.Chromium.Kugu3c}, takesHeapSnapshot=true, pageLoadStrategy=normal, databaseEnabled=false, handlesAlerts=true, version=76.0.3809.87, browserConnectionEnabled=false, nativeEvents=true, locationContextEnabled=true, cssSelectorsEnabled=true}]&#10;Session ID: ec373f428de0bf5d4889712129dfe418" type="org.openqa.selenium.NoSuchElementException">org.openqa.selenium.NoSuchElementException: 
no such element: Unable to locate element: {"method":"name","selector":"q"}
  (Session info: chrome=76.0.3809.87)
  (Driver info: chromedriver=2.41.578706 (5f725d1b4f0a4acbf5259df887244095596231db),platform=Mac OS X 10.13.4 x86_64) (WARNING: The server did not provide any stacktrace information)
Command duration or timeout: 12 milliseconds
For documentation on this error, please visit: http://seleniumhq.org/exceptions/no_such_element.html
Build info: version: '2.43.1', revision: '5163bceef1bc36d43f3dc0b83c88998168a363a0', time: '2014-09-10 09:43:55'
System info: host: 'Ranajit', ip: '192.168.43.241', os.name: 'Mac OS X', os.arch: 'x86_64', os.version: '10.13.4', java.version: '1.8.0_101'
Driver info: org.openqa.selenium.chrome.ChromeDriver
Capabilities [{mobileEmulationEnabled=false, hasTouchScreen=false, platform=MAC, acceptSslCerts=false, goog:chromeOptions={debuggerAddress=localhost:55673}, acceptInsecureCerts=false, webStorageEnabled=true, browserName=chrome, takesScreenshot=true, javascriptEnabled=true, setWindowRect=true, unexpectedAlertBehaviour=, applicationCacheEnabled=false, rotatable=false, networkConnectionEnabled=false, chrome={chromedriverVersion=2.41.578706 (5f725d1b4f0a4acbf5259df887244095596231db), userDataDir=/var/folders/2n/f356hh595rg06z9nwzgfqhj00000gn/T/.org.chromium.Chromium.Kugu3c}, takesHeapSnapshot=true, pageLoadStrategy=normal, databaseEnabled=false, handlesAlerts=true, version=76.0.3809.87, browserConnectionEnabled=false, nativeEvents=true, locationContextEnabled=true, cssSelectorsEnabled=true}]
Session ID: ec373f428de0bf5d4889712129dfe418
</error>
  </testcase>
  <testcase name="Then fork to all repo" classname="Scenario: Fork to all repo" time="0">
    <skipped/>
  </testcase>
</testsuite>